<?xml version="1.0" encoding="UTF-8"?>
<!-- Generated by org.testng.reporters.JUnitReportReporter -->
<testsuite skipped="0" hostname="munias-mbp.lan" name="Property.Base" tests="2" failures="0" timestamp="07 Feb 2019 23:18:29 GMT" time="8.111" errors="0">
  <testcase name="tearDown" time="3.111" classname="Property.Base"/>
  <testcase name="openBrowser" time="5.000" classname="Property.Base"/>
</testsuite> <!-- Property.Base -->
